<?xml version="1.0" encoding="UTF-8"?>
<!-- Generated by org.testng.reporters.JUnitReportReporter -->
<testsuite hostname="DESKTOP-10MJQLG" failures="0" tests="1" name="testRunners.sampleTR" time="2.183" errors="0" timestamp="2025-09-13T23:36:30 IST" skipped="0">
  <testcase classname="testRunners.sampleTR" name="runScenario" time="2.183"/>
</testsuite> <!-- testRunners.sampleTR -->
