<?xml version="1.0" encoding="UTF-8"?>
<!-- Generated by org.testng.reporters.JUnitReportReporter -->
<testsuite hostname="DESKTOP-10MJQLG" failures="0" tests="1" name="testRunners.baseRunner" time="0.103" errors="0" timestamp="2025-09-11T19:09:53 IST" skipped="0">
  <testcase classname="testRunners.baseRunner" name="runScenario" time="0.103"/>
</testsuite> <!-- testRunners.baseRunner -->
