<?xml version="1.0" encoding="UTF-8"?>
<!-- Generated by org.testng.reporters.JUnitReportReporter -->
<testsuite hostname="DESKTOP-10MJQLG" failures="0" tests="1" name="testRunners.homeScreenTR" time="3.488" errors="0" timestamp="2025-09-23T03:05:54 IST" skipped="0">
  <testcase classname="testRunners.homeScreenTR" name="runScenario" time="3.488"/>
</testsuite> <!-- testRunners.homeScreenTR -->
