<?xml version="1.0" encoding="UTF-8"?>
<!-- Generated by org.testng.reporters.JUnitReportReporter -->
<testsuite hostname="DESKTOP-10MJQLG" failures="0" tests="4" name="testRunners.sampleTR" time="28.914" errors="0" timestamp="2025-09-21T17:32:04 IST" skipped="0">
  <testcase classname="testRunners.sampleTR" name="runScenario" time="7.174"/>
  <testcase classname="testRunners.sampleTR" name="runScenario" time="7.181"/>
  <testcase classname="testRunners.sampleTR" name="runScenario" time="7.165"/>
  <testcase classname="testRunners.sampleTR" name="runScenario" time="7.394"/>
</testsuite> <!-- testRunners.sampleTR -->
