<?xml version="1.0" encoding="UTF-8"?>
<!-- Generated by org.testng.reporters.JUnitReportReporter -->
<testsuite hostname="DESKTOP-10MJQLG" failures="0" tests="8" name="testRunners.sampleTR" time="64.191" errors="0" timestamp="2025-09-21T19:00:12 IST" skipped="0">
  <testcase classname="testRunners.sampleTR" name="runScenario" time="7.877"/>
  <testcase classname="testRunners.sampleTR" name="runScenario" time="8.947"/>
  <testcase classname="testRunners.sampleTR" name="runScenario" time="7.610"/>
  <testcase classname="testRunners.sampleTR" name="runScenario" time="7.626"/>
  <testcase classname="testRunners.sampleTR" name="runScenario" time="9.090"/>
  <testcase classname="testRunners.sampleTR" name="runScenario" time="7.621"/>
  <testcase classname="testRunners.sampleTR" name="runScenario" time="7.810"/>
  <testcase classname="testRunners.sampleTR" name="runScenario" time="7.610"/>
</testsuite> <!-- testRunners.sampleTR -->
